[0.023s] Invoking command in '/home/wasp_mini/ros2_ws/build/main_waspmini': /usr/bin/cmake --build /home/wasp_mini/ros2_ws/build/main_waspmini -- -j4 -l4
[0.092s] -- Found ament_cmake: 0.9.8 (/opt/ros/foxy/share/ament_cmake/cmake)
[0.137s] -- Using PYTHON_EXECUTABLE: /usr/bin/python3
[0.469s] -- Found rclcpp: 2.3.1 (/opt/ros/foxy/share/rclcpp/cmake)
[0.531s] -- Using all available rosidl_typesupport_c: rosidl_typesupport_fastrtps_c;rosidl_typesupport_introspection_c
[0.536s] -- Found rosidl_adapter: 1.2.1 (/opt/ros/foxy/share/rosidl_adapter/cmake)
[0.760s] -- Using all available rosidl_typesupport_cpp: rosidl_typesupport_fastrtps_cpp;rosidl_typesupport_introspection_cpp
[0.848s] -- Found rmw_implementation_cmake: 1.0.3 (/opt/ros/foxy/share/rmw_implementation_cmake/cmake)
[0.851s] -- Using RMW implementation 'rmw_fastrtps_cpp' as default
[1.125s] -- Found rclpy: 1.0.5 (/opt/ros/foxy/share/rclpy/cmake)
[1.126s] -- Found sensor_msgs: 2.0.4 (/opt/ros/foxy/share/sensor_msgs/cmake)
[1.458s] Error parsing '/home/wasp_mini/ros2_ws/src/main_waspmini/package.xml':
[1.858s] Traceback (most recent call last):
[1.858s]   File "/opt/ros/foxy/share/ament_cmake_core/cmake/core/package_xml_2_cmake.py", line 143, in <module>
[1.858s]     main()
[1.859s]   File "/opt/ros/foxy/share/ament_cmake_core/cmake/core/package_xml_2_cmake.py", line 52, in main
[1.859s]     raise e
[1.859s]   File "/opt/ros/foxy/share/ament_cmake_core/cmake/core/package_xml_2_cmake.py", line 48, in main
[1.859s]     package = parse_package_string(
[1.859s]   File "/usr/lib/python3/dist-packages/catkin_pkg/package.py", line 773, in parse_package_string
[1.860s]     pkg.validate(warnings=warnings)
[1.860s]   File "/usr/lib/python3/dist-packages/catkin_pkg/package.py", line 316, in validate
[1.860s]     raise InvalidPackage('\n'.join(errors), self.filename)
[1.860s] catkin_pkg.package.InvalidPackage: Error(s) in package '/home/wasp_mini/ros2_ws/src/main_waspmini/package.xml':
[1.860s] The package "main_waspmini" must not "exec_depend" on a package with the same name as this package
[1.893s] CMake Error at /opt/ros/foxy/share/ament_cmake_core/cmake/core/ament_package_xml.cmake:94 (message):
[1.893s]   execute_process(/usr/bin/python3
[1.893s]   /opt/ros/foxy/share/ament_cmake_core/cmake/core/package_xml_2_cmake.py
[1.893s]   /home/wasp_mini/ros2_ws/src/main_waspmini/package.xml
[1.894s]   /home/wasp_mini/ros2_ws/build/main_waspmini/ament_cmake_core/package.cmake)
[1.894s]   returned error code 1
[1.894s] Call Stack (most recent call first):
[1.894s]   /opt/ros/foxy/share/ament_cmake_core/cmake/core/ament_package_xml.cmake:49 (_ament_package_xml)
[1.894s]   /opt/ros/foxy/share/ament_cmake_core/cmake/core/ament_package.cmake:63 (ament_package_xml)
[1.894s]   CMakeLists.txt:57 (ament_package)
[1.894s] 
[1.894s] 
[1.896s] -- Configuring incomplete, errors occurred!
[1.896s] See also "/home/wasp_mini/ros2_ws/build/main_waspmini/CMakeFiles/CMakeOutput.log".
[1.896s] See also "/home/wasp_mini/ros2_ws/build/main_waspmini/CMakeFiles/CMakeError.log".
[1.905s] make: *** [Makefile:266: cmake_check_build_system] Error 1
[1.909s] Invoked command in '/home/wasp_mini/ros2_ws/build/main_waspmini' returned '2': /usr/bin/cmake --build /home/wasp_mini/ros2_ws/build/main_waspmini -- -j4 -l4
