[0.036s] Invoking command in '/home/wasp_mini/ros2_ws/build/wasp_mini_joy': CMAKE_PREFIX_PATH=${CMAKE_PREFIX_PATH}:/home/wasp_mini/ros2_ws/install/wasp_mini_controller:/opt/ros/foxy /usr/bin/cmake --build /home/wasp_mini/ros2_ws/build/wasp_mini_joy -- -j4 -l4
[0.497s] [35m[1mScanning dependencies of target joy_pub[0m
[0.539s] [ 50%] [32mBuilding CXX object CMakeFiles/joy_pub.dir/src/joy_pub.cpp.o[0m
[3.275s] [01m[K/home/wasp_mini/ros2_ws/src/wasp_mini_joy/src/joy_pub.cpp:[m[K In constructor â€˜[01m[KJoyPublisherNode::JoyPublisherNode()[m[Kâ€™:
[3.276s] [01m[K/home/wasp_mini/ros2_ws/src/wasp_mini_joy/src/joy_pub.cpp:7:70:[m[K [01;31m[Kerror: [m[Kâ€˜[01m[Kstd::bind[m[Kâ€™ is not a class member
[3.276s]     7 | timer(std::chrono::seconds(1).[01;31m[Kstd[m[K::bind(&JoyPublisherNode::callBack, this));
[3.276s]       |                               [01;31m[K^~~[m[K
[3.276s] 
[3.891s] make[2]: *** [CMakeFiles/joy_pub.dir/build.make:63: CMakeFiles/joy_pub.dir/src/joy_pub.cpp.o] Error 1
[3.892s] make[1]: *** [CMakeFiles/Makefile2:78: CMakeFiles/joy_pub.dir/all] Error 2
[3.892s] make: *** [Makefile:141: all] Error 2
[3.895s] Invoked command in '/home/wasp_mini/ros2_ws/build/wasp_mini_joy' returned '2': CMAKE_PREFIX_PATH=${CMAKE_PREFIX_PATH}:/home/wasp_mini/ros2_ws/install/wasp_mini_controller:/opt/ros/foxy /usr/bin/cmake --build /home/wasp_mini/ros2_ws/build/wasp_mini_joy -- -j4 -l4
