[0.378s] Invoking command in '/home/wasp_mini/ros2_ws/build/wasp_mini_joy': CMAKE_PREFIX_PATH=/opt/ros/foxy /usr/bin/cmake --build /home/wasp_mini/ros2_ws/build/wasp_mini_joy -- -j4 -l4
[0.665s] -- Found ament_cmake: 0.9.8 (/opt/ros/foxy/share/ament_cmake/cmake)
[0.714s] -- Using PYTHON_EXECUTABLE: /usr/bin/python3
[1.060s] -- Found rclcpp: 2.3.1 (/opt/ros/foxy/share/rclcpp/cmake)
[1.152s] -- Using all available rosidl_typesupport_c: rosidl_typesupport_fastrtps_c;rosidl_typesupport_introspection_c
[1.160s] -- Found rosidl_adapter: 1.2.1 (/opt/ros/foxy/share/rosidl_adapter/cmake)
[1.412s] -- Using all available rosidl_typesupport_cpp: rosidl_typesupport_fastrtps_cpp;rosidl_typesupport_introspection_cpp
[1.513s] -- Found rmw_implementation_cmake: 1.0.3 (/opt/ros/foxy/share/rmw_implementation_cmake/cmake)
[1.516s] -- Using RMW implementation 'rmw_fastrtps_cpp' as default
[1.778s] -- Found sensor_msgs: 2.0.4 (/opt/ros/foxy/share/sensor_msgs/cmake)
[2.111s] -- Configuring done
[2.161s] -- Generating done
[2.166s] -- Build files have been written to: /home/wasp_mini/ros2_ws/build/wasp_mini_joy
[2.225s] [35m[1mScanning dependencies of target joy_pub[0m
[2.284s] [ 50%] [32mBuilding CXX object CMakeFiles/joy_pub.dir/src/joy_pub.cpp.o[0m
[4.990s] [01m[K/home/wasp_mini/ros2_ws/src/wasp_mini_joy/src/joy_pub.cpp:[m[K In constructor â€˜[01m[KJoyPublisherNode::JoyPublisherNode()[m[Kâ€™:
[4.990s] [01m[K/home/wasp_mini/ros2_ws/src/wasp_mini_joy/src/joy_pub.cpp:8:162:[m[K [01;31m[Kerror: [m[Kexpected â€˜[01m[K)[m[Kâ€™ before â€˜[01m[K;[m[Kâ€™ token
[4.991s]     8 | ::placeholders::_1)[01;31m[K;[m[K
[4.991s]       |                    [01;31m[K^[m[K
[4.991s]       |                    [32m[K)[m[K
[4.992s] [01m[K/home/wasp_mini/ros2_ws/src/wasp_mini_joy/src/joy_pub.cpp:9:93:[m[K [01;31m[Kerror: [m[Kexpected â€˜[01m[K;[m[Kâ€™ before â€˜[01m[Ktimer_[m[Kâ€™
[4.992s]     9 |             cmd_publisher = this->create_publisher<geometry_msgs::msg::Twist>("cmd_vel", 10)
[4.992s]       |                                                                                             [01;31m[K^[m[K
[4.992s]       |                                                                                             [32m[K;[m[K
[4.992s]    10 |             [32m[Ktimer_[m[K = this->create_wall_timer(std::chrono::seconds(1),std::bind(&JoyPublisherNode::callBack, this));
[4.992s]       |             [32m[K~~~~~~[m[K                                                                           
[6.316s] make[2]: *** [CMakeFiles/joy_pub.dir/build.make:63: CMakeFiles/joy_pub.dir/src/joy_pub.cpp.o] Error 1
[6.316s] make[1]: *** [CMakeFiles/Makefile2:78: CMakeFiles/joy_pub.dir/all] Error 2
[6.316s] make: *** [Makefile:141: all] Error 2
[6.337s] Invoked command in '/home/wasp_mini/ros2_ws/build/wasp_mini_joy' returned '2': CMAKE_PREFIX_PATH=/opt/ros/foxy /usr/bin/cmake --build /home/wasp_mini/ros2_ws/build/wasp_mini_joy -- -j4 -l4
